<?xml version="1.0" encoding="UTF-8"?>
<testsuite name="org.productx.ProductAssistBotApplicationTests" tests="1" skipped="0" failures="0" errors="0" timestamp="2023-03-08T17:26:41" hostname="DESKTOP-U2HT688" time="1.405">
  <properties/>
  <testcase name="contextLoads()" classname="org.productx.ProductAssistBotApplicationTests" time="1.405"/>
  <system-out><![CDATA[22:56:34.101 [Test worker] DEBUG org.springframework.test.context.BootstrapUtils - Instantiating CacheAwareContextLoaderDelegate from class [org.springframework.test.context.cache.DefaultCacheAwareContextLoaderDelegate]
22:56:34.136 [Test worker] DEBUG org.springframework.test.context.BootstrapUtils - Instantiating BootstrapContext using constructor [public org.springframework.test.context.support.DefaultBootstrapContext(java.lang.Class,org.springframework.test.context.CacheAwareContextLoaderDelegate)]
22:56:34.243 [Test worker] DEBUG org.springframework.test.context.BootstrapUtils - Instantiating TestContextBootstrapper for test class [org.productx.ProductAssistBotApplicationTests] from class [org.springframework.boot.test.context.SpringBootTestContextBootstrapper]
22:56:34.282 [Test worker] INFO org.springframework.boot.test.context.SpringBootTestContextBootstrapper - Neither @ContextConfiguration nor @ContextHierarchy found for test class [org.productx.ProductAssistBotApplicationTests], using SpringBootContextLoader
22:56:34.294 [Test worker] DEBUG org.springframework.test.context.support.AbstractContextLoader - Did not detect default resource location for test class [org.productx.ProductAssistBotApplicationTests]: class path resource [org/productx/ProductAssistBotApplicationTests-context.xml] does not exist
22:56:34.296 [Test worker] DEBUG org.springframework.test.context.support.AbstractContextLoader - Did not detect default resource location for test class [org.productx.ProductAssistBotApplicationTests]: class path resource [org/productx/ProductAssistBotApplicationTestsContext.groovy] does not exist
22:56:34.296 [Test worker] INFO org.springframework.test.context.support.AbstractContextLoader - Could not detect default resource locations for test class [org.productx.ProductAssistBotApplicationTests]: no resource found for suffixes {-context.xml, Context.groovy}.
22:56:34.299 [Test worker] INFO org.springframework.test.context.support.AnnotationConfigContextLoaderUtils - Could not detect default configuration classes for test class [org.productx.ProductAssistBotApplicationTests]: ProductAssistBotApplicationTests does not declare any static, non-private, non-final, nested classes annotated with @Configuration.
22:56:34.435 [Test worker] DEBUG org.springframework.test.context.support.ActiveProfilesUtils - Could not find an 'annotation declaring class' for annotation type [org.springframework.test.context.ActiveProfiles] and class [org.productx.ProductAssistBotApplicationTests]
22:56:34.631 [Test worker] DEBUG org.springframework.context.annotation.ClassPathScanningCandidateComponentProvider - Identified candidate component class: file [C:\Users\Hp\Downloads\Bootcamp\ProductAssistBot\ProductAssistBot\build\classes\java\main\org\productx\ProductAssistBotApplication.class]
22:56:34.634 [Test worker] INFO org.springframework.boot.test.context.SpringBootTestContextBootstrapper - Found @SpringBootConfiguration org.productx.ProductAssistBotApplication for test class org.productx.ProductAssistBotApplicationTests
22:56:34.966 [Test worker] DEBUG org.springframework.boot.test.context.SpringBootTestContextBootstrapper - @TestExecutionListeners is not present for class [org.productx.ProductAssistBotApplicationTests]: using defaults.
22:56:34.968 [Test worker] INFO org.springframework.boot.test.context.SpringBootTestContextBootstrapper - Loaded default TestExecutionListener class names from location [META-INF/spring.factories]: [org.springframework.boot.test.autoconfigure.restdocs.RestDocsTestExecutionListener, org.springframework.boot.test.autoconfigure.web.client.MockRestServiceServerResetTestExecutionListener, org.springframework.boot.test.autoconfigure.web.servlet.MockMvcPrintOnlyOnFailureTestExecutionListener, org.springframework.boot.test.autoconfigure.web.servlet.WebDriverTestExecutionListener, org.springframework.boot.test.autoconfigure.webservices.client.MockWebServiceServerTestExecutionListener, org.springframework.boot.test.mock.mockito.MockitoTestExecutionListener, org.springframework.boot.test.mock.mockito.ResetMocksTestExecutionListener, org.springframework.test.context.web.ServletTestExecutionListener, org.springframework.test.context.support.DirtiesContextBeforeModesTestExecutionListener, org.springframework.test.context.event.ApplicationEventsTestExecutionListener, org.springframework.test.context.support.DependencyInjectionTestExecutionListener, org.springframework.test.context.support.DirtiesContextTestExecutionListener, org.springframework.test.context.transaction.TransactionalTestExecutionListener, org.springframework.test.context.jdbc.SqlScriptsTestExecutionListener, org.springframework.test.context.event.EventPublishingTestExecutionListener]
22:56:35.012 [Test worker] DEBUG org.springframework.boot.test.context.SpringBootTestContextBootstrapper - Skipping candidate TestExecutionListener [org.springframework.test.context.transaction.TransactionalTestExecutionListener] due to a missing dependency. Specify custom listener classes or make the default listener classes and their required dependencies available. Offending class: [org/springframework/transaction/interceptor/TransactionAttributeSource]
22:56:35.014 [Test worker] DEBUG org.springframework.boot.test.context.SpringBootTestContextBootstrapper - Skipping candidate TestExecutionListener [org.springframework.test.context.jdbc.SqlScriptsTestExecutionListener] due to a missing dependency. Specify custom listener classes or make the default listener classes and their required dependencies available. Offending class: [org/springframework/transaction/interceptor/TransactionAttribute]
22:56:35.015 [Test worker] INFO org.springframework.boot.test.context.SpringBootTestContextBootstrapper - Using TestExecutionListeners: [org.springframework.test.context.web.ServletTestExecutionListener@6c8bca63, org.springframework.test.context.support.DirtiesContextBeforeModesTestExecutionListener@2364305a, org.springframework.test.context.event.ApplicationEventsTestExecutionListener@470a696f, org.springframework.boot.test.mock.mockito.MockitoTestExecutionListener@1bc715b8, org.springframework.boot.test.autoconfigure.SpringBootDependencyInjectionTestExecutionListener@292d1c71, org.springframework.test.context.support.DirtiesContextTestExecutionListener@2b491fee, org.springframework.test.context.event.EventPublishingTestExecutionListener@3f1c5af9, org.springframework.boot.test.autoconfigure.restdocs.RestDocsTestExecutionListener@1c55f277, org.springframework.boot.test.autoconfigure.web.client.MockRestServiceServerResetTestExecutionListener@5ddabb18, org.springframework.boot.test.autoconfigure.web.servlet.MockMvcPrintOnlyOnFailureTestExecutionListener@3e8f7922, org.springframework.boot.test.autoconfigure.web.servlet.WebDriverTestExecutionListener@63192798, org.springframework.boot.test.autoconfigure.webservices.client.MockWebServiceServerTestExecutionListener@50eca7c6, org.springframework.boot.test.mock.mockito.ResetMocksTestExecutionListener@58e6d4b8]
22:56:35.026 [Test worker] DEBUG org.springframework.test.context.support.AbstractDirtiesContextTestExecutionListener - Before test class: context [DefaultTestContext@4ba534b0 testClass = ProductAssistBotApplicationTests, testInstance = [null], testMethod = [null], testException = [null], mergedContextConfiguration = [WebMergedContextConfiguration@6f0ca692 testClass = ProductAssistBotApplicationTests, locations = '{}', classes = '{class org.productx.ProductAssistBotApplication}', contextInitializerClasses = '[]', activeProfiles = '{}', propertySourceLocations = '{}', propertySourceProperties = '{org.springframework.boot.test.context.SpringBootTestContextBootstrapper=true}', contextCustomizers = set[org.springframework.boot.test.autoconfigure.actuate.metrics.MetricsExportContextCustomizerFactory$DisableMetricExportContextCustomizer@ab7395e, org.springframework.boot.test.autoconfigure.properties.PropertyMappingContextCustomizer@0, org.springframework.boot.test.autoconfigure.web.servlet.WebDriverContextCustomizerFactory$Customizer@5812f68b, org.springframework.boot.test.context.filter.ExcludeFilterContextCustomizer@6b88ca8c, org.springframework.boot.test.json.DuplicateJsonObjectContextCustomizerFactory$DuplicateJsonObjectContextCustomizer@34158c08, org.springframework.boot.test.mock.mockito.MockitoContextCustomizer@0, org.springframework.boot.test.web.client.TestRestTemplateContextCustomizer@31dadd46, org.springframework.boot.test.context.SpringBootTestArgs@1, org.springframework.boot.test.context.SpringBootTestWebEnvironment@1eb5174b], resourceBasePath = 'src/main/webapp', contextLoader = 'org.springframework.boot.test.context.SpringBootContextLoader', parent = [null]], attributes = map['org.springframework.test.context.web.ServletTestExecutionListener.activateListener' -> true]], class annotated with @DirtiesContext [false] with mode [null].
22:56:35.182 [Test worker] DEBUG org.springframework.boot.ApplicationServletEnvironment - Activating profiles []
22:56:35.186 [Test worker] DEBUG org.springframework.test.context.support.TestPropertySourceUtils - Adding inlined properties to environment: {spring.jmx.enabled=false, org.springframework.boot.test.context.SpringBootTestContextBootstrapper=true}

  .   ____          _            __ _ _
 /\\ / ___'_ __ _ _(_)_ __  __ _ \ \ \ \
( ( )\___ | '_ | '_| | '_ \/ _` | \ \ \ \
 \\/  ___)| |_)| | | | | || (_| |  ) ) ) )
  '  |____| .__|_| |_|_| |_\__, | / / / /
 =========|_|==============|___/=/_/_/_/
 :: Spring Boot ::                (v2.6.2)

2023-03-08 22:56:36.020  WARN 8240 --- [    Test worker] ory$DuplicateJsonObjectContextCustomizer : 

Found multiple occurrences of org.json.JSONObject on the class path:

	jar:file:/C:/Users/Hp/.gradle/caches/modules-2/files-2.1/org.json/json/20220924/5aa95e7688f76c664af205c5937620f02688dfbc/json-20220924.jar!/org/json/JSONObject.class
	jar:file:/C:/Users/Hp/.gradle/caches/modules-2/files-2.1/com.vaadin.external.google/android-json/0.0.20131108.vaadin1/fa26d351fe62a6a17f5cda1287c1c6110dec413f/android-json-0.0.20131108.vaadin1.jar!/org/json/JSONObject.class

You may wish to exclude one of them to ensure predictable runtime behavior

2023-03-08 22:56:36.077  INFO 8240 --- [    Test worker] o.p.ProductAssistBotApplicationTests     : Starting ProductAssistBotApplicationTests using Java 18.0.1.1 on DESKTOP-U2HT688 with PID 8240 (started by Hp in C:\Users\Hp\Downloads\Bootcamp\ProductAssistBot\ProductAssistBot)
2023-03-08 22:56:36.078  INFO 8240 --- [    Test worker] o.p.ProductAssistBotApplicationTests     : No active profile set, falling back to default profiles: default
2023-03-08 22:56:40.285  INFO 8240 --- [    Test worker] o.s.b.a.w.s.WelcomePageHandlerMapping    : Adding welcome page: class path resource [static/index.html]
2023-03-08 22:56:41.113  INFO 8240 --- [    Test worker] o.p.ProductAssistBotApplicationTests     : Started ProductAssistBotApplicationTests in 5.921 seconds (JVM running for 9.409)
]]></system-out>
  <system-err><![CDATA[]]></system-err>
</testsuite>
